  Application.cpp
  Body.cpp
  Force.cpp
  main.cpp
c:\users\thomas\desktop\new physics\physic2\final coursework - task 2\main.cpp(129): warning C4305: 'argument': truncation from 'const double' to 'GLfloat'
c:\users\thomas\desktop\new physics\physic2\final coursework - task 2\main.cpp(204): warning C4244: 'initializing': conversion from 'double' to 'float', possible loss of data
c:\users\thomas\desktop\new physics\physic2\final coursework - task 2\main.cpp(227): warning C4244: 'initializing': conversion from 'double' to 'float', possible loss of data
c:\users\thomas\desktop\new physics\physic2\final coursework - task 2\main.cpp(251): warning C4244: 'initializing': conversion from 'double' to 'float', possible loss of data
c:\users\thomas\desktop\new physics\physic2\final coursework - task 2\main.cpp(274): warning C4244: 'initializing': conversion from 'double' to 'float', possible loss of data
c:\users\thomas\desktop\new physics\physic2\final coursework - task 2\main.cpp(298): warning C4244: 'initializing': conversion from 'double' to 'float', possible loss of data
c:\users\thomas\desktop\new physics\physic2\final coursework - task 2\main.cpp(321): warning C4244: 'initializing': conversion from 'double' to 'float', possible loss of data
c:\users\thomas\desktop\new physics\physic2\final coursework - task 2\main.cpp(345): warning C4244: 'initializing': conversion from 'double' to 'float', possible loss of data
c:\users\thomas\desktop\new physics\physic2\final coursework - task 2\main.cpp(368): warning C4244: 'initializing': conversion from 'double' to 'float', possible loss of data
  Mesh.cpp
c:\users\thomas\desktop\new physics\physic2\final coursework - task 2\mesh.cpp(308): warning C4996: 'fscanf': This function or variable may be unsafe. Consider using fscanf_s instead. To disable deprecation, use _CRT_SECURE_NO_WARNINGS. See online help for details.
  c:\program files (x86)\windows kits\10\include\10.0.17134.0\ucrt\stdio.h(1197): note: see declaration of 'fscanf'
  OBJLoader.cpp
c:\users\thomas\desktop\new physics\physic2\final coursework - task 2\objloader.cpp(378): warning C4244: 'return': conversion from 'double' to 'float', possible loss of data
  Particle.cpp
  RigidBody.cpp
  Sphere.cpp
  Generating Code...
LINK : warning LNK4098: defaultlib 'LIBCMT' conflicts with use of other libs; use /NODEFAULTLIB:library
LINK : warning LNK4098: defaultlib 'MSVCRT' conflicts with use of other libs; use /NODEFAULTLIB:library
Mesh.obj : warning LNK4049: locally defined symbol ___glewBindBuffer imported
Mesh.obj : warning LNK4049: locally defined symbol ___glewBufferData imported
Mesh.obj : warning LNK4049: locally defined symbol ___glewGenBuffers imported
Mesh.obj : warning LNK4049: locally defined symbol ___glewEnableVertexAttribArray imported
Mesh.obj : warning LNK4049: locally defined symbol ___glewVertexAttribPointer imported
Mesh.obj : warning LNK4049: locally defined symbol ___glewBindVertexArray imported
Mesh.obj : warning LNK4049: locally defined symbol ___glewGenVertexArrays imported
glew32s.lib(glew.obj) : warning LNK4099: PDB 'vc120.pdb' was not found with 'glew32s.lib(glew.obj)' or at 'C:\Users\Thomas\Desktop\New Physics\Physic2\Final Coursework - Task 2\Debug\vc120.pdb'; linking object as if no debug info
  simulation.vcxproj -> C:\Users\Thomas\Desktop\New Physics\Physic2\Final Coursework - Task 2\Debug\simulation.exe
