c:\users\thomas\desktop\new physics\physic2\project 5 - rigid bodies\release\vc141.pdb
c:\users\thomas\desktop\new physics\physic2\project 5 - rigid bodies\release\rigidbody.obj
c:\users\thomas\desktop\new physics\physic2\project 5 - rigid bodies\release\particle.obj
c:\users\thomas\desktop\new physics\physic2\project 5 - rigid bodies\release\objloader.obj
c:\users\thomas\desktop\new physics\physic2\project 5 - rigid bodies\release\mesh.obj
c:\users\thomas\desktop\new physics\physic2\project 5 - rigid bodies\release\main.obj
c:\users\thomas\desktop\new physics\physic2\project 5 - rigid bodies\release\force.obj
c:\users\thomas\desktop\new physics\physic2\project 5 - rigid bodies\release\body.obj
c:\users\thomas\desktop\new physics\physic2\project 5 - rigid bodies\release\application.obj
c:\users\thomas\desktop\new physics\physic2\final coursework - task 2\release\vc141.pdb
c:\users\thomas\desktop\new physics\physic2\final coursework - task 2\release\sphere.obj
c:\users\thomas\desktop\new physics\physic2\final coursework - task 2\release\rigidbody.obj
c:\users\thomas\desktop\new physics\physic2\final coursework - task 2\release\particle.obj
c:\users\thomas\desktop\new physics\physic2\final coursework - task 2\release\objloader.obj
c:\users\thomas\desktop\new physics\physic2\final coursework - task 2\release\mesh.obj
c:\users\thomas\desktop\new physics\physic2\final coursework - task 2\release\main.obj
c:\users\thomas\desktop\new physics\physic2\final coursework - task 2\release\force.obj
c:\users\thomas\desktop\new physics\physic2\final coursework - task 2\release\body.obj
c:\users\thomas\desktop\new physics\physic2\final coursework - task 2\release\application.obj
c:\users\thomas\desktop\new physics\physic2\project 5 - rigid bodies\release\simulation.exe
c:\users\thomas\desktop\new physics\physic2\project 5 - rigid bodies\release\simulation.pdb
c:\users\thomas\desktop\new physics\physic2\final coursework - task 2\release\simulation.exe
c:\users\thomas\desktop\new physics\physic2\final coursework - task 2\release\simulation.pdb
c:\users\thomas\desktop\new physics\physic2\project 5 - rigid bodies\release\simulation.ipdb
c:\users\thomas\desktop\new physics\physic2\project 5 - rigid bodies\release\simulation.iobj
c:\users\thomas\desktop\new physics\physic2\final coursework - task 2\release\simulation.ipdb
c:\users\thomas\desktop\new physics\physic2\final coursework - task 2\release\simulation.iobj
c:\users\thomas\desktop\new physics\physic2\final coursework - task 2\release\simulation.tlog\cl.command.1.tlog
c:\users\thomas\desktop\new physics\physic2\final coursework - task 2\release\simulation.tlog\cl.read.1.tlog
c:\users\thomas\desktop\new physics\physic2\final coursework - task 2\release\simulation.tlog\cl.write.1.tlog
c:\users\thomas\desktop\new physics\physic2\final coursework - task 2\release\simulation.tlog\link.command.1.tlog
c:\users\thomas\desktop\new physics\physic2\final coursework - task 2\release\simulation.tlog\link.read.1.tlog
c:\users\thomas\desktop\new physics\physic2\final coursework - task 2\release\simulation.tlog\link.write.1.tlog
c:\users\thomas\desktop\new physics\physic2\final coursework - task 2\release\simulation.tlog\simulation.write.1u.tlog
