  main.cpp
c:\users\thomas\desktop\new physics\physic2\project 5 - rigid bodies\main.cpp(100): warning C4305: 'argument': truncation from 'const double' to 'GLfloat'
c:\users\thomas\desktop\new physics\physic2\project 5 - rigid bodies\main.cpp(114): warning C4305: 'argument': truncation from 'const double' to 'float'
c:\users\thomas\desktop\new physics\physic2\project 5 - rigid bodies\main.cpp(114): warning C4244: 'argument': conversion from 'double' to 'float', possible loss of data
LINK : warning LNK4098: defaultlib 'LIBCMT' conflicts with use of other libs; use /NODEFAULTLIB:library
LINK : warning LNK4098: defaultlib 'MSVCRT' conflicts with use of other libs; use /NODEFAULTLIB:library
  Generating code
  1 of 600 functions ( 0.2%) were compiled, the rest were copied from previous compilation.
  Finished generating code
Mesh.obj : warning LNK4049: locally defined symbol ___glewGenBuffers imported
Mesh.obj : warning LNK4049: locally defined symbol ___glewGenVertexArrays imported
Mesh.obj : warning LNK4049: locally defined symbol ___glewBufferData imported
Mesh.obj : warning LNK4049: locally defined symbol ___glewBindBuffer imported
Mesh.obj : warning LNK4049: locally defined symbol ___glewVertexAttribPointer imported
Mesh.obj : warning LNK4049: locally defined symbol ___glewBindVertexArray imported
Mesh.obj : warning LNK4049: locally defined symbol ___glewEnableVertexAttribArray imported
glew32s.lib(glew.obj) : warning LNK4099: PDB 'vc120.pdb' was not found with 'glew32s.lib(glew.obj)' or at 'C:\Users\Thomas\Desktop\New Physics\Physic2\Project 5 - Rigid Bodies\Release\vc120.pdb'; linking object as if no debug info
    0 functions were new in current compilation
    0 functions had inline decision re-evaluated but remain unchanged
  simulation.vcxproj -> C:\Users\Thomas\Desktop\New Physics\Physic2\Project 5 - Rigid Bodies\Release\simulation.exe
